2026-04-04 14:11:52.579920 ==============================================================================
2026-04-04 14:11:52.631180 Tests
2026-04-04 14:11:52.631180 ==============================================================================
2026-04-04 14:11:52.631180 Tests.Functional
2026-04-04 14:11:52.631180 ==============================================================================
2026-04-04 14:11:53.341143 Tests.Functional.Test Cart
2026-04-04 14:11:53.377377 ==============================================================================
2026-04-04 14:11:53.377377 TC01 Searching Product :: searching for product                       | FAIL |
2026-04-04 14:11:53.380527 Parent suite setup failed:
2026-04-04 14:11:53.380527 No keyword with name 'Load Environment' found. Did you try using keyword 'env_loader.Load Env' and forgot to use enough whitespace between keyword and arguments?
2026-04-04 14:11:53.380527 ------------------------------------------------------------------------------
2026-04-04 14:11:53.380527 Tests.Functional.Test Cart                                            | FAIL |
2026-04-04 14:11:53.380527 Suite setup failed:
2026-04-04 14:11:53.380527 No keyword with name 'Load Environment' found. Did you try using keyword 'env_loader.Load Env' and forgot to use enough whitespace between keyword and arguments?
2026-04-04 14:11:53.380527 
2026-04-04 14:11:53.380527 1 test, 0 passed, 1 failed
2026-04-04 14:11:53.380527 ==============================================================================
2026-04-04 14:11:53.380527 Tests.Functional                                                      | FAIL |
2026-04-04 14:11:53.380527 1 test, 0 passed, 1 failed
2026-04-04 14:11:53.380527 ==============================================================================
2026-04-04 14:11:53.380527 Tests                                                                 | FAIL |
2026-04-04 14:11:53.380527 1 test, 0 passed, 1 failed
2026-04-04 14:11:53.380527 ==============================================================================
2026-04-04 14:11:53.380527 Output:  C:\Users\Pranjal Ameta\OneDrive\Desktop\Selenium&Robot\Projects\Sauce_demo\reports\pabot_results\0\output.xml
