==============================================================================
Tests
==============================================================================
Tests.Functional
==============================================================================
Tests.Functional.Test Cart
==============================================================================
TC01 Searching Product :: searching for product                       | FAIL |
Parent suite setup failed:
No keyword with name 'Load Environment' found. Did you try using keyword 'env_loader.Load Env' and forgot to use enough whitespace between keyword and arguments?
------------------------------------------------------------------------------
Tests.Functional.Test Cart                                            | FAIL |
Suite setup failed:
No keyword with name 'Load Environment' found. Did you try using keyword 'env_loader.Load Env' and forgot to use enough whitespace between keyword and arguments?

1 test, 0 passed, 1 failed
==============================================================================
Tests.Functional                                                      | FAIL |
1 test, 0 passed, 1 failed
==============================================================================
Tests                                                                 | FAIL |
1 test, 0 passed, 1 failed
==============================================================================
Output:  C:\Users\Pranjal Ameta\OneDrive\Desktop\Selenium&Robot\Projects\Sauce_demo\reports\pabot_results\0\output.xml
