==============================================================================
Tests
==============================================================================
Tests.Test Datadriven Login
==============================================================================
Execl Data Driven Testing :: This test case is to perform data dri... | PASS |
------------------------------------------------------------------------------
Execl Data Driven Testing :: This test case is to perform data dri... | PASS |
------------------------------------------------------------------------------
Execl Data Driven Testing :: This test case is to perform data dri... | PASS |
------------------------------------------------------------------------------
Execl Data Driven Testing :: This test case is to perform data dri... | PASS |
------------------------------------------------------------------------------
Execl Data Driven Testing :: This test case is to perform data dri... | PASS |
------------------------------------------------------------------------------
Execl Data Driven Testing :: This test case is to perform data dri... | PASS |
------------------------------------------------------------------------------
Tests.Test Datadriven Login                                           | PASS |
6 tests, 6 passed, 0 failed
==============================================================================
Tests                                                                 | PASS |
6 tests, 6 passed, 0 failed
==============================================================================
Output:  C:\Users\Pranjal Ameta\OneDrive\Desktop\Selenium&Robot\Projects\Sauce_demo\reports\pabot_results\7\output.xml
